<?xml version="1.0" encoding="UTF-8"?>
<!-- Generated by org.testng.reporters.JUnitXMLReporter -->
<testsuite hostname="karthik-PC" ignored="0" name="Test" tests="3" failures="0" timestamp="28 Apr 2020 06:08:04 GMT" time="313.689" errors="0">
  <testcase name="test1" time="104.211" classname="frameworkdemo.Testcase1"/>
  <testcase name="test2" time="100.331" classname="frameworkdemo.Testcase1"/>
  <testcase name="test3" time="109.131" classname="frameworkdemo.Testcase1"/>
</testsuite> <!-- Test -->
