<?xml version="1.0" encoding="UTF-8"?>
<testng-results skipped="0" failed="0" ignored="0" total="3" passed="3">
  <reporter-output>
  </reporter-output>
  <suite name="Suite" duration-ms="313689" started-at="2020-04-28T06:02:50Z" finished-at="2020-04-28T06:08:04Z">
    <groups>
    </groups>
    <test name="Test" duration-ms="313689" started-at="2020-04-28T06:02:50Z" finished-at="2020-04-28T06:08:04Z">
      <class name="frameworkdemo.Testcase1">
        <test-method status="PASS" signature="test1()[pri:1, instance:frameworkdemo.Testcase1@15b53dc]" name="test1" duration-ms="104211" started-at="2020-04-28T11:32:50Z" finished-at="2020-04-28T11:34:34Z">
          <reporter-output>
          </reporter-output>
        </test-method> <!-- test1 -->
        <test-method status="PASS" signature="test2()[pri:2, instance:frameworkdemo.Testcase1@15b53dc]" name="test2" duration-ms="100331" started-at="2020-04-28T11:34:34Z" finished-at="2020-04-28T11:36:15Z">
          <reporter-output>
          </reporter-output>
        </test-method> <!-- test2 -->
        <test-method status="PASS" signature="test3()[pri:3, instance:frameworkdemo.Testcase1@15b53dc]" name="test3" duration-ms="109131" started-at="2020-04-28T11:36:15Z" finished-at="2020-04-28T11:38:04Z">
          <reporter-output>
          </reporter-output>
        </test-method> <!-- test3 -->
      </class> <!-- frameworkdemo.Testcase1 -->
    </test> <!-- Test -->
  </suite> <!-- Suite -->
</testng-results>
