<?xml version="1.0" encoding="UTF-8"?>
<testsuite xmlns:xsi="http://www.w3.org/2001/XMLSchema-instance" xsi:noNamespaceSchemaLocation="https://maven.apache.org/surefire/maven-surefire-plugin/xsd/surefire-test-report-3.0.xsd" version="3.0" name="TestSuite" time="314.597" tests="3" errors="0" skipped="0" failures="0">
  <properties>
[...]
</properties>
  <testcase name="test1" classname="frameworkdemo.Testcase1" time="104.209"/>
  <testcase name="test2" classname="frameworkdemo.Testcase1" time="100.332"/>
  <testcase name="test3" classname="frameworkdemo.Testcase1" time="109.131"/>
</testsuite>