<?xml version="1.0" encoding="UTF-8"?>
<testng-results skipped="0" failed="1" ignored="0" total="1" passed="0">
  <reporter-output>
  </reporter-output>
  <suite name="Default suite" duration-ms="2947" started-at="2020-06-26T02:56:34Z" finished-at="2020-06-26T02:56:37Z">
    <groups>
    </groups>
    <test name="Default test" duration-ms="2947" started-at="2020-06-26T02:56:34Z" finished-at="2020-06-26T02:56:37Z">
      <class name="frameworkdemo.brokenlinksdemo">
        <test-method status="PASS" signature="reportsetup()[pri:0, instance:frameworkdemo.brokenlinksdemo@25b2fe]" name="reportsetup" is-config="true" duration-ms="161" started-at="2020-06-26T08:26:34Z" finished-at="2020-06-26T08:26:34Z">
          <reporter-output>
          </reporter-output>
        </test-method> <!-- reportsetup -->
        <test-method status="FAIL" signature="handlebrokenlinks4()[pri:4, instance:frameworkdemo.brokenlinksdemo@25b2fe]" name="handlebrokenlinks4" duration-ms="2503" started-at="2020-06-26T08:26:34Z" finished-at="2020-06-26T08:26:37Z">
          <exception class="org.openqa.selenium.SessionNotCreatedException">
            <message>
              <![CDATA[session not created: This version of ChromeDriver only supports Chrome version 80
Build info: version: '3.141.59', revision: 'e82be7d358', time: '2018-11-14T08:17:03'
System info: host: 'KARTHIK-PC', ip: '192.168.0.104', os.name: 'Windows 7', os.arch: 'x86', os.version: '6.1', java.version: '1.8.0_181'
Driver info: driver.version: ChromeDriver
remote stacktrace: Backtrace:
	Ordinal0 [0x011F0AE3+1706723]
	Ordinal0 [0x011568C1+1075393]
	Ordinal0 [0x010CDFA9+516009]
	Ordinal0 [0x01060554+66900]
	Ordinal0 [0x0105CCE2+52450]
	Ordinal0 [0x0107BFD7+180183]
	Ordinal0 [0x0107BDDD+179677]
	Ordinal0 [0x01079D4B+171339]
	Ordinal0 [0x01061D4A+73034]
	Ordinal0 [0x01062DC0+77248]
	Ordinal0 [0x01062D59+77145]
	Ordinal0 [0x0116BB37+1162039]
	GetHandleVerifier [0x0128A7C6+508998]
	GetHandleVerifier [0x0128A504+508292]
	GetHandleVerifier [0x0129F617+594583]
	GetHandleVerifier [0x0128B036+511158]
	Ordinal0 [0x01163FFC+1130492]
	Ordinal0 [0x0116D49B+1168539]
	Ordinal0 [0x0116D603+1168899]
	Ordinal0 [0x01185B05+1268485]
	BaseThreadInitThunk [0x76BE1174+18]
	RtlInitializeExceptionChain [0x7753B3F5+99]
	RtlInitializeExceptionChain [0x7753B3C8+54]
]]>
            </message>
            <full-stacktrace>
              <![CDATA[org.openqa.selenium.SessionNotCreatedException: session not created: This version of ChromeDriver only supports Chrome version 80
Build info: version: '3.141.59', revision: 'e82be7d358', time: '2018-11-14T08:17:03'
System info: host: 'KARTHIK-PC', ip: '192.168.0.104', os.name: 'Windows 7', os.arch: 'x86', os.version: '6.1', java.version: '1.8.0_181'
Driver info: driver.version: ChromeDriver
remote stacktrace: Backtrace:
	Ordinal0 [0x011F0AE3+1706723]
	Ordinal0 [0x011568C1+1075393]
	Ordinal0 [0x010CDFA9+516009]
	Ordinal0 [0x01060554+66900]
	Ordinal0 [0x0105CCE2+52450]
	Ordinal0 [0x0107BFD7+180183]
	Ordinal0 [0x0107BDDD+179677]
	Ordinal0 [0x01079D4B+171339]
	Ordinal0 [0x01061D4A+73034]
	Ordinal0 [0x01062DC0+77248]
	Ordinal0 [0x01062D59+77145]
	Ordinal0 [0x0116BB37+1162039]
	GetHandleVerifier [0x0128A7C6+508998]
	GetHandleVerifier [0x0128A504+508292]
	GetHandleVerifier [0x0129F617+594583]
	GetHandleVerifier [0x0128B036+511158]
	Ordinal0 [0x01163FFC+1130492]
	Ordinal0 [0x0116D49B+1168539]
	Ordinal0 [0x0116D603+1168899]
	Ordinal0 [0x01185B05+1268485]
	BaseThreadInitThunk [0x76BE1174+18]
	RtlInitializeExceptionChain [0x7753B3F5+99]
	RtlInitializeExceptionChain [0x7753B3C8+54]

	at sun.reflect.NativeConstructorAccessorImpl.newInstance0(Native Method)
	at sun.reflect.NativeConstructorAccessorImpl.newInstance(NativeConstructorAccessorImpl.java:62)
	at sun.reflect.DelegatingConstructorAccessorImpl.newInstance(DelegatingConstructorAccessorImpl.java:45)
	at java.lang.reflect.Constructor.newInstance(Constructor.java:423)
	at org.openqa.selenium.remote.W3CHandshakeResponse.lambda$errorHandler$0(W3CHandshakeResponse.java:62)
	at org.openqa.selenium.remote.HandshakeResponse.lambda$getResponseFunction$0(HandshakeResponse.java:30)
	at org.openqa.selenium.remote.ProtocolHandshake.lambda$createSession$0(ProtocolHandshake.java:126)
	at java.util.stream.ReferencePipeline$3$1.accept(ReferencePipeline.java:193)
	at java.util.Spliterators$ArraySpliterator.tryAdvance(Spliterators.java:958)
	at java.util.stream.ReferencePipeline.forEachWithCancel(ReferencePipeline.java:126)
	at java.util.stream.AbstractPipeline.copyIntoWithCancel(AbstractPipeline.java:498)
	at java.util.stream.AbstractPipeline.copyInto(AbstractPipeline.java:485)
	at java.util.stream.AbstractPipeline.wrapAndCopyInto(AbstractPipeline.java:471)
	at java.util.stream.FindOps$FindOp.evaluateSequential(FindOps.java:152)
	at java.util.stream.AbstractPipeline.evaluate(AbstractPipeline.java:234)
	at java.util.stream.ReferencePipeline.findFirst(ReferencePipeline.java:464)
	at org.openqa.selenium.remote.ProtocolHandshake.createSession(ProtocolHandshake.java:128)
	at org.openqa.selenium.remote.ProtocolHandshake.createSession(ProtocolHandshake.java:74)
	at org.openqa.selenium.remote.HttpCommandExecutor.execute(HttpCommandExecutor.java:136)
	at org.openqa.selenium.remote.service.DriverCommandExecutor.execute(DriverCommandExecutor.java:83)
	at org.openqa.selenium.remote.RemoteWebDriver.execute(RemoteWebDriver.java:552)
	at org.openqa.selenium.remote.RemoteWebDriver.startSession(RemoteWebDriver.java:213)
	at org.openqa.selenium.remote.RemoteWebDriver.<init>(RemoteWebDriver.java:131)
	at org.openqa.selenium.chrome.ChromeDriver.<init>(ChromeDriver.java:181)
	at org.openqa.selenium.chrome.ChromeDriver.<init>(ChromeDriver.java:168)
	at org.openqa.selenium.chrome.ChromeDriver.<init>(ChromeDriver.java:123)
	at frameworkdemo.brokenlinksdemo.handlebrokenlinks4(brokenlinksdemo.java:149)
	at sun.reflect.NativeMethodAccessorImpl.invoke0(Native Method)
	at sun.reflect.NativeMethodAccessorImpl.invoke(NativeMethodAccessorImpl.java:62)
	at sun.reflect.DelegatingMethodAccessorImpl.invoke(DelegatingMethodAccessorImpl.java:43)
	at java.lang.reflect.Method.invoke(Method.java:498)
	at org.testng.internal.MethodInvocationHelper.invokeMethod(MethodInvocationHelper.java:104)
	at org.testng.internal.Invoker.invokeMethod(Invoker.java:645)
	at org.testng.internal.Invoker.invokeTestMethod(Invoker.java:851)
	at org.testng.internal.Invoker.invokeTestMethods(Invoker.java:1177)
	at org.testng.internal.TestMethodWorker.invokeTestMethods(TestMethodWorker.java:129)
	at org.testng.internal.TestMethodWorker.run(TestMethodWorker.java:112)
	at org.testng.TestRunner.privateRun(TestRunner.java:756)
	at org.testng.TestRunner.run(TestRunner.java:610)
	at org.testng.SuiteRunner.runTest(SuiteRunner.java:387)
	at org.testng.SuiteRunner.runSequentially(SuiteRunner.java:382)
	at org.testng.SuiteRunner.privateRun(SuiteRunner.java:340)
	at org.testng.SuiteRunner.run(SuiteRunner.java:289)
	at org.testng.SuiteRunnerWorker.runSuite(SuiteRunnerWorker.java:52)
	at org.testng.SuiteRunnerWorker.run(SuiteRunnerWorker.java:86)
	at org.testng.TestNG.runSuitesSequentially(TestNG.java:1293)
	at org.testng.TestNG.runSuitesLocally(TestNG.java:1218)
	at org.testng.TestNG.runSuites(TestNG.java:1133)
	at org.testng.TestNG.run(TestNG.java:1104)
	at org.testng.remote.AbstractRemoteTestNG.run(AbstractRemoteTestNG.java:115)
	at org.testng.remote.RemoteTestNG.initAndRun(RemoteTestNG.java:251)
	at org.testng.remote.RemoteTestNG.main(RemoteTestNG.java:77)
]]>
            </full-stacktrace>
          </exception> <!-- org.openqa.selenium.SessionNotCreatedException -->
          <reporter-output>
          </reporter-output>
        </test-method> <!-- handlebrokenlinks4 -->
        <test-method status="PASS" signature="close()[pri:0, instance:frameworkdemo.brokenlinksdemo@25b2fe]" name="close" is-config="true" duration-ms="259" started-at="2020-06-26T08:26:37Z" finished-at="2020-06-26T08:26:37Z">
          <reporter-output>
          </reporter-output>
        </test-method> <!-- close -->
      </class> <!-- frameworkdemo.brokenlinksdemo -->
    </test> <!-- Default test -->
  </suite> <!-- Default suite -->
</testng-results>
